2025-12-09 16:14:31, MOVE, v:1, k:poo@zoo, mode:DOWN
2025-12-09 16:14:32, MOVE, v:1, k:poo@pagamento, mode:DOWN
2025-12-09 16:14:32, MOVE, v:1, k:poo@shapes, mode:DOWN
2025-12-09 16:14:33, MOVE, v:1, k:poo@estacionamento, mode:DOWN
2025-12-09 16:14:34, MOVE, v:1, k:poo@cofre, mode:DOWN
2025-12-09 16:14:34, MOVE, v:1, k:poo@cadastro, mode:DOWN
2025-12-09 16:14:36, MOVE, v:1, k:poo@zoo, mode:PICK
2025-12-09 16:14:50, MOVE, v:1, k:poo@zoo, mode:BACK
2025-12-09 16:16:26, MOVE, v:1, k:poo@zoo, mode:PICK
2025-12-09 17:56:07, MOVE, v:1, k:poo@zoo, mode:BACK
2025-12-09 17:56:15, MOVE, v:1, k:poo@estacionamento, mode:PICK
2025-12-09 17:56:29, EXEC, v:1, k:poo@estacionamento, mode:FULL, rate:0, size:0
2025-12-09 18:03:13, MOVE, v:1, k:poo@estacionamento, mode:BACK
2025-12-09 18:03:18, MOVE, v:1, k:poo@zoo, mode:PICK
2025-12-09 18:03:19, EXEC, v:1, k:poo@zoo, mode:LOCK, rate:100, size:0
2025-12-09 18:03:43, MOVE, v:1, k:poo@zoo, mode:BACK
2025-12-09 18:26:48, MOVE, v:1, k:poo@zoo, mode:PICK
2025-12-09 18:26:49, EXEC, v:1, k:poo@zoo, mode:FREE, size:72
2025-12-09 18:31:53, MOVE, v:1, k:poo@zoo, mode:BACK
2025-12-09 18:32:46, SELF, v:1, k:poo@zoo, rate:100, guide:video_do_sena, alone:10, study:30
